<?xml version="1.0" encoding="UTF-8"?>
<testsuite xmlns:xsi="http://www.w3.org/2001/XMLSchema-instance" xsi:noNamespaceSchemaLocation="https://maven.apache.org/surefire/maven-surefire-plugin/xsd/surefire-test-report-3.0.xsd" version="3.0" name="CalculatorTest" time="0.215" tests="2" errors="0" skipped="0" failures="0">
  <properties>
    <property name="sun.desktop" value="windows"/>
    <property name="awt.toolkit" value="sun.awt.windows.WToolkit"/>
    <property name="java.specification.version" value="11"/>
    <property name="sun.cpu.isalist" value="amd64"/>
    <property name="sun.jnu.encoding" value="Cp1252"/>
    <property name="java.class.path" value="c:\Devproject\gh_actions\target\test-classes;c:\Devproject\gh_actions\target\classes;C:\Users\Omosule John\.m2\repository\commons-collections\commons-collections\3.2.1\commons-collections-3.2.1.jar;C:\Users\Omosule John\.m2\repository\org\nd4j\nd4j-common\1.0.0-beta2\nd4j-common-1.0.0-beta2.jar;C:\Users\Omosule John\.m2\repository\org\nd4j\jackson\1.0.0-beta2\jackson-1.0.0-beta2.jar;C:\Users\Omosule John\.m2\repository\org\yaml\snakeyaml\1.12\snakeyaml-1.12.jar;C:\Users\Omosule John\.m2\repository\org\codehaus\woodstox\stax2-api\3.1.4\stax2-api-3.1.4.jar;C:\Users\Omosule John\.m2\repository\joda-time\joda-time\2.2\joda-time-2.2.jar;C:\Users\Omosule John\.m2\repository\org\slf4j\slf4j-api\1.7.21\slf4j-api-1.7.21.jar;C:\Users\Omosule John\.m2\repository\commons-io\commons-io\2.5\commons-io-2.5.jar;C:\Users\Omosule John\.m2\repository\org\apache\commons\commons-math3\3.5\commons-math3-3.5.jar;C:\Users\Omosule John\.m2\repository\org\apache\commons\commons-lang3\3.6\commons-lang3-3.6.jar;C:\Users\Omosule John\.m2\repository\org\apache\commons\commons-compress\1.16.1\commons-compress-1.16.1.jar;C:\Users\Omosule John\.m2\repository\org\objenesis\objenesis\2.6\objenesis-2.6.jar;C:\Users\Omosule John\.m2\repository\com\google\guava\guava\20.0\guava-20.0.jar;C:\Users\Omosule John\.m2\repository\commons-codec\commons-codec\1.10\commons-codec-1.10.jar;C:\Users\Omosule John\.m2\repository\junit\junit\4.12\junit-4.12.jar;C:\Users\Omosule John\.m2\repository\org\hamcrest\hamcrest-core\1.3\hamcrest-core-1.3.jar;"/>
    <property name="java.vm.vendor" value="Amazon.com Inc."/>
    <property name="sun.arch.data.model" value="64"/>
    <property name="user.variant" value=""/>
    <property name="java.vendor.url" value="https://aws.amazon.com/corretto/"/>
    <property name="user.timezone" value="America/Edmonton"/>
    <property name="java.vm.specification.version" value="11"/>
    <property name="os.name" value="Windows 10"/>
    <property name="sun.java.launcher" value="SUN_STANDARD"/>
    <property name="user.country" value="CA"/>
    <property name="sun.boot.library.path" value="C:\Program Files\Amazon Corretto\jdk11.0.22_7\bin"/>
    <property name="sun.java.command" value="C:\Users\Omosule John\AppData\Local\Temp\surefire4155875147016592248\surefirebooter-20241215030925901_3.jar C:\Users\Omosule John\AppData\Local\Temp\surefire4155875147016592248 2024-12-15T03-09-24_527-jvmRun1 surefire-20241215030925901_1tmp surefire_0-20241215030925901_2tmp"/>
    <property name="jdk.debug" value="release"/>
    <property name="surefire.test.class.path" value="c:\Devproject\gh_actions\target\test-classes;c:\Devproject\gh_actions\target\classes;C:\Users\Omosule John\.m2\repository\commons-collections\commons-collections\3.2.1\commons-collections-3.2.1.jar;C:\Users\Omosule John\.m2\repository\org\nd4j\nd4j-common\1.0.0-beta2\nd4j-common-1.0.0-beta2.jar;C:\Users\Omosule John\.m2\repository\org\nd4j\jackson\1.0.0-beta2\jackson-1.0.0-beta2.jar;C:\Users\Omosule John\.m2\repository\org\yaml\snakeyaml\1.12\snakeyaml-1.12.jar;C:\Users\Omosule John\.m2\repository\org\codehaus\woodstox\stax2-api\3.1.4\stax2-api-3.1.4.jar;C:\Users\Omosule John\.m2\repository\joda-time\joda-time\2.2\joda-time-2.2.jar;C:\Users\Omosule John\.m2\repository\org\slf4j\slf4j-api\1.7.21\slf4j-api-1.7.21.jar;C:\Users\Omosule John\.m2\repository\commons-io\commons-io\2.5\commons-io-2.5.jar;C:\Users\Omosule John\.m2\repository\org\apache\commons\commons-math3\3.5\commons-math3-3.5.jar;C:\Users\Omosule John\.m2\repository\org\apache\commons\commons-lang3\3.6\commons-lang3-3.6.jar;C:\Users\Omosule John\.m2\repository\org\apache\commons\commons-compress\1.16.1\commons-compress-1.16.1.jar;C:\Users\Omosule John\.m2\repository\org\objenesis\objenesis\2.6\objenesis-2.6.jar;C:\Users\Omosule John\.m2\repository\com\google\guava\guava\20.0\guava-20.0.jar;C:\Users\Omosule John\.m2\repository\commons-codec\commons-codec\1.10\commons-codec-1.10.jar;C:\Users\Omosule John\.m2\repository\junit\junit\4.12\junit-4.12.jar;C:\Users\Omosule John\.m2\repository\org\hamcrest\hamcrest-core\1.3\hamcrest-core-1.3.jar;"/>
    <property name="sun.cpu.endian" value="little"/>
    <property name="user.home" value="C:\Users\Omosule John"/>
    <property name="user.language" value="en"/>
    <property name="java.specification.vendor" value="Oracle Corporation"/>
    <property name="java.version.date" value="2024-01-16"/>
    <property name="java.home" value="C:\Program Files\Amazon Corretto\jdk11.0.22_7"/>
    <property name="file.separator" value="\"/>
    <property name="basedir" value="c:\Devproject\gh_actions"/>
    <property name="java.vm.compressedOopsMode" value="Zero based"/>
    <property name="line.separator" value="&#10;"/>
    <property name="java.specification.name" value="Java Platform API Specification"/>
    <property name="java.vm.specification.vendor" value="Oracle Corporation"/>
    <property name="java.awt.graphicsenv" value="sun.awt.Win32GraphicsEnvironment"/>
    <property name="surefire.real.class.path" value="C:\Users\Omosule John\AppData\Local\Temp\surefire4155875147016592248\surefirebooter-20241215030925901_3.jar"/>
    <property name="user.script" value=""/>
    <property name="sun.management.compiler" value="HotSpot 64-Bit Tiered Compilers"/>
    <property name="java.runtime.version" value="11.0.22+7-LTS"/>
    <property name="user.name" value="Omosule John"/>
    <property name="path.separator" value=";"/>
    <property name="os.version" value="10.0"/>
    <property name="java.runtime.name" value="OpenJDK Runtime Environment"/>
    <property name="file.encoding" value="Cp1252"/>
    <property name="java.vm.name" value="OpenJDK 64-Bit Server VM"/>
    <property name="java.vendor.version" value="Corretto-11.0.22.7.1"/>
    <property name="localRepository" value="C:\Users\Omosule John\.m2\repository"/>
    <property name="java.vendor.url.bug" value="https://github.com/corretto/corretto-11/issues/"/>
    <property name="java.io.tmpdir" value="C:\Users\OMOSUL~1\AppData\Local\Temp\"/>
    <property name="java.version" value="11.0.22"/>
    <property name="user.dir" value="c:\Devproject\gh_actions"/>
    <property name="os.arch" value="amd64"/>
    <property name="java.vm.specification.name" value="Java Virtual Machine Specification"/>
    <property name="java.awt.printerjob" value="sun.awt.windows.WPrinterJob"/>
    <property name="sun.os.patch.level" value=""/>
    <property name="java.library.path" value="C:\Program Files\Amazon Corretto\jdk11.0.22_7\bin;C:\WINDOWS\Sun\Java\bin;C:\WINDOWS\system32;C:\WINDOWS;C:\Users\Omosule John\AppData\Local\cloud-code\installer\google-cloud-sdk\bin;C:\Program Files\Amazon Corretto\jdk11.0.22_7\bin;C:\Program Files\AdoptOpenJDK\jre-11.0.7.10-hotspot\bin;C:\Program Files (x86)\Common Files\Oracle\Java\javapath;C:\WINDOWS\system32;C:\WINDOWS;C:\WINDOWS\System32\Wbem;C:\WINDOWS\System32\WindowsPowerShell\v1.0\;C:\WINDOWS\System32\OpenSSH\;C:\Program Files\Azure Data Studio\bin;C:\Program Files (x86)\PowerShell\7\;C:\Program Files\nodejs\;C:\Terraform\;C:\Users\Omosule John\Terraform;C:\ProgramData\chocolatey\bin;C:\Program Files\Git\cmd;C:\ProgramData\chocolatey\lib\maven\apache-maven-3.9.6\bin;C:\Program Files\Docker\Docker\resources\bin;C:\Program Files\PuTTY\;C:\Program Files\Amazon\AWSCLIV2\;C:\Program Files\Git LFS;C:\minikube;C:\Program Files\PowerShell\7\;C:\Users\Omosule John\AppData\Local\Programs\Python\Python312\Scripts\;C:\Users\Omosule John\AppData\Local\Programs\Python\Python312\;C:\Terraform_aws_intro_repo\terraform_1.7.5_darwin_amd64;C:\Users\Omosule John\anaconda3;C:\Users\Omosule John\anaconda3\Library\mingw-w64\bin;C:\Users\Omosule John\anaconda3\Library\usr\bin;C:\Users\Omosule John\anaconda3\Library\bin;C:\Users\Omosule John\anaconda3\Scripts;C:\Users\Omosule John\AppData\Local\Microsoft\WindowsApps;C:\Program Files\Azure Data Studio\bin;C:\Program Files (x86)\Nmap;C:\Users\Omosule John\AppData\Roaming\npm;C:\Program Files\Oracle\VirtualBox;C:\Users\Omosule John\AppData\Local\Programs\Microsoft VS Code\bin;C:\Users\Omosule John\AppData\Local\GitHubDesktop\bin;C:\Users\Omosule John;;C:\Users\Omosule John\AppData\Local\Google\Cloud SDK\google-cloud-sdk\bin;C:\Program Files (x86)\Google\Cloud SDK\google-cloud-sdk\bin;C:\Program Files\Google\Cloud SDK\google-cloud-sdk\bin;."/>
    <property name="java.vm.info" value="mixed mode"/>
    <property name="java.vendor" value="Amazon.com Inc."/>
    <property name="java.vm.version" value="11.0.22+7-LTS"/>
    <property name="java.specification.maintenance.version" value="2"/>
    <property name="sun.io.unicode.encoding" value="UnicodeLittle"/>
    <property name="java.class.version" value="55.0"/>
  </properties>
  <testcase name="verifyAdditionOne" classname="CalculatorTest" time="0.013"/>
  <testcase name="verifyAdditionTwo" classname="CalculatorTest" time="0.0"/>
</testsuite>